<?xml version="1.0" encoding="UTF-8"?>
<!-- Generated by org.testng.reporters.JUnitXMLReporter -->
<testsuite ignored="1" hostname="DESKTOP-ES6ASA2" failures="0" tests="1" name="Test" time="6.938" errors="0" timestamp="2024-12-03T13:44:14 IST">
  <testcase classname="testCases.TC002_LoginTest" name="verify_login" time="2.006"/>
  <testcase classname="testCases.TC001_AccountRegistrationTest" name="verify_account_registratio" time="0.0">
    <ignored/>
  </testcase> <!-- verify_account_registratio -->
</testsuite> <!-- Test -->
