<?xml version="1.0" encoding="UTF-8"?>
<testng-results ignored="0" total="2" passed="2" failed="0" skipped="0">
  <reporter-output>
  </reporter-output>
  <suite started-at="2024-12-07T17:03:08 IST" name="Master Suite" finished-at="2024-12-07T17:03:33 IST" duration-ms="24585">
    <groups>
      <group name="Master">
        <method signature="TC001_AccountRegistrationTest.verify_account_registratio()[pri:0, instance:testCases.TC001_AccountRegistrationTest@32c4e8b2]" name="verify_account_registratio" class="testCases.TC001_AccountRegistrationTest"/>
        <method signature="TC002_LoginTest.verify_login()[pri:0, instance:testCases.TC002_LoginTest@7ae42ce3]" name="verify_login" class="testCases.TC002_LoginTest"/>
      </group> <!-- Master -->
      <group name="Sanity">
        <method signature="TC002_LoginTest.verify_login()[pri:0, instance:testCases.TC002_LoginTest@7ae42ce3]" name="verify_login" class="testCases.TC002_LoginTest"/>
      </group> <!-- Sanity -->
      <group name="Regression">
        <method signature="TC001_AccountRegistrationTest.verify_account_registratio()[pri:0, instance:testCases.TC001_AccountRegistrationTest@32c4e8b2]" name="verify_account_registratio" class="testCases.TC001_AccountRegistrationTest"/>
      </group> <!-- Regression -->
    </groups>
    <test started-at="2024-12-07T17:03:08 IST" name="Test" finished-at="2024-12-07T17:03:33 IST" duration-ms="24585">
      <class name="testCases.TC002_LoginTest">
        <test-method is-config="true" signature="setup(java.lang.String,java.lang.String)[pri:0, instance:testCases.TC002_LoginTest@7ae42ce3]" started-at="2024-12-07T17:03:26 IST" name="setup" finished-at="2024-12-07T17:03:30 IST" duration-ms="3132" status="PASS">
          <params>
            <param index="0">
              <value>
                <![CDATA[windows]]>
              </value>
            </param>
            <param index="1">
              <value>
                <![CDATA[edge]]>
              </value>
            </param>
          </params>
          <reporter-output>
          </reporter-output>
        </test-method> <!-- setup -->
        <test-method signature="verify_login()[pri:0, instance:testCases.TC002_LoginTest@7ae42ce3]" started-at="2024-12-07T17:03:30 IST" name="verify_login" finished-at="2024-12-07T17:03:32 IST" duration-ms="2085" status="PASS">
          <reporter-output>
          </reporter-output>
        </test-method> <!-- verify_login -->
        <test-method is-config="true" signature="tearDown()[pri:0, instance:testCases.TC002_LoginTest@7ae42ce3]" started-at="2024-12-07T17:03:32 IST" name="tearDown" finished-at="2024-12-07T17:03:33 IST" duration-ms="1325" status="PASS">
          <reporter-output>
          </reporter-output>
        </test-method> <!-- tearDown -->
      </class> <!-- testCases.TC002_LoginTest -->
      <class name="testCases.TC001_AccountRegistrationTest">
        <test-method is-config="true" signature="setup(java.lang.String,java.lang.String)[pri:0, instance:testCases.TC001_AccountRegistrationTest@32c4e8b2]" started-at="2024-12-07T17:03:09 IST" name="setup" finished-at="2024-12-07T17:03:21 IST" duration-ms="12499" status="PASS">
          <params>
            <param index="0">
              <value>
                <![CDATA[windows]]>
              </value>
            </param>
            <param index="1">
              <value>
                <![CDATA[edge]]>
              </value>
            </param>
          </params>
          <reporter-output>
          </reporter-output>
        </test-method> <!-- setup -->
        <test-method signature="verify_account_registratio()[pri:0, instance:testCases.TC001_AccountRegistrationTest@32c4e8b2]" started-at="2024-12-07T17:03:21 IST" name="verify_account_registratio" finished-at="2024-12-07T17:03:25 IST" duration-ms="3922" status="PASS">
          <reporter-output>
          </reporter-output>
        </test-method> <!-- verify_account_registratio -->
        <test-method is-config="true" signature="tearDown()[pri:0, instance:testCases.TC001_AccountRegistrationTest@32c4e8b2]" started-at="2024-12-07T17:03:25 IST" name="tearDown" finished-at="2024-12-07T17:03:26 IST" duration-ms="1302" status="PASS">
          <reporter-output>
          </reporter-output>
        </test-method> <!-- tearDown -->
      </class> <!-- testCases.TC001_AccountRegistrationTest -->
    </test> <!-- Test -->
  </suite> <!-- Master Suite -->
</testng-results>
